{
  "stats": {
    "suites": 1,
    "tests": 1,
    "passes": 1,
    "pending": 0,
    "failures": 0,
    "start": "2025-02-08T11:23:30.837Z",
    "end": "2025-02-08T11:23:34.070Z",
    "duration": 3233,
    "testsRegistered": 1,
    "passPercent": 100,
    "pendingPercent": 0,
    "other": 0,
    "hasOther": false,
    "skipped": 0,
    "hasSkipped": false
  },
  "results": [
    {
      "uuid": "1f5fdc9e-030d-4d46-a0b6-0fce25f14d75",
      "title": "",
      "fullFile": "cypress/e2e/slack_create_entry.cy.js",
      "file": "cypress/e2e/slack_create_entry.cy.js",
      "beforeHooks": [],
      "afterHooks": [],
      "tests": [],
      "suites": [
        {
          "uuid": "c3db56f8-79c3-48ec-af32-5c2898922eea",
          "title": "Add slack entry and verify on BusyBe website",
          "fullFile": "",
          "file": "",
          "beforeHooks": [],
          "afterHooks": [],
          "tests": [
            {
              "title": "should add entry via slack and verify on BusyBe website",
              "fullTitle": "Add slack entry and verify on BusyBe website should add entry via slack and verify on BusyBe website",
              "timedOut": null,
              "duration": 3178,
              "state": "passed",
              "speed": "fast",
              "pass": true,
              "fail": false,
              "pending": false,
              "context": null,
              "code": "const testMessage = `E2E Rocks! ${new Date().toISOString()}`;\n(0, _slackDriver.addSlackEntry)(testMessage);\n_appDriver.AppDriver.visitApp();\n_appDriver.AppDriver.verifyEntryDisplayed(testMessage);",
              "err": {},
              "uuid": "da181e61-5d3d-4322-b0ad-2684f70e82e1",
              "parentUUID": "c3db56f8-79c3-48ec-af32-5c2898922eea",
              "isHook": false,
              "skipped": false
            }
          ],
          "suites": [],
          "passes": [
            "da181e61-5d3d-4322-b0ad-2684f70e82e1"
          ],
          "failures": [],
          "pending": [],
          "skipped": [],
          "duration": 3178,
          "root": false,
          "rootEmpty": false,
          "_timeout": 2000
        }
      ],
      "passes": [],
      "failures": [],
      "pending": [],
      "skipped": [],
      "duration": 0,
      "root": true,
      "rootEmpty": true,
      "_timeout": 2000
    }
  ],
  "meta": {
    "mocha": {
      "version": "7.0.1"
    },
    "mochawesome": {
      "options": {
        "quiet": false,
        "reportFilename": "mochawesome",
        "saveHtml": false,
        "saveJson": true,
        "consoleReporter": "spec",
        "useInlineDiffs": false,
        "code": true
      },
      "version": "7.1.3"
    },
    "marge": {
      "options": {
        "reportDir": "reports",
        "overwrite": false,
        "html": false,
        "json": true
      },
      "version": "6.2.0"
    }
  }
}